<?xml version="1.0" encoding="UTF-8"?>
<testsuite name="org.venuspj.authorizationServer.AuthorizationServerApplicationTests" tests="4" skipped="0" failures="0" errors="0" timestamp="2022-11-29T06:40:04" hostname="80-K-MIZOGUCHI-" time="52.78">
  <properties/>
  <testcase name="whenNotLoggedInAndRequestingTokenThenRedirectsToLogin()" classname="org.venuspj.authorizationServer.AuthorizationServerApplicationTests" time="11.407"/>
  <testcase name="whenLoggingInAndRequestingTokenThenRedirectsToClientApplication()" classname="org.venuspj.authorizationServer.AuthorizationServerApplicationTests" time="10.449"/>
  <testcase name="whenLoginSuccessfulThenDisplayNotFoundError()" classname="org.venuspj.authorizationServer.AuthorizationServerApplicationTests" time="10.335"/>
  <testcase name="whenLoginFailsThenDisplayBadCredentials()" classname="org.venuspj.authorizationServer.AuthorizationServerApplicationTests" time="20.586"/>
  <system-out><![CDATA[15:39:58.514 [Test worker] DEBUG org.springframework.boot.test.context.SpringBootTestContextBootstrapper - Neither @ContextConfiguration nor @ContextHierarchy found for test class [AuthorizationServerApplicationTests]: using SpringBootContextLoader
15:39:58.520 [Test worker] DEBUG org.springframework.test.context.support.AbstractContextLoader - Could not detect default resource locations for test class [org.venuspj.authorizationServer.AuthorizationServerApplicationTests]: no resource found for suffixes {-context.xml, Context.groovy}.
15:39:58.520 [Test worker] INFO org.springframework.test.context.support.AnnotationConfigContextLoaderUtils - Could not detect default configuration classes for test class [org.venuspj.authorizationServer.AuthorizationServerApplicationTests]: AuthorizationServerApplicationTests does not declare any static, non-private, non-final, nested classes annotated with @Configuration.
15:39:58.575 [Test worker] DEBUG org.springframework.boot.test.context.SpringBootTestContextBootstrapper - Using ContextCustomizers for test class [AuthorizationServerApplicationTests]: [DisableObservabilityContextCustomizer, PropertyMappingContextCustomizer, Customizer, ImportsContextCustomizer, ExcludeFilterContextCustomizer, DuplicateJsonObjectContextCustomizer, MockitoContextCustomizer, TestRestTemplateContextCustomizer]
15:39:58.642 [Test worker] DEBUG org.springframework.context.annotation.ClassPathScanningCandidateComponentProvider - Identified candidate component class: file [C:\IdeaProjects\project-template\authorization-server\build\classes\java\main\org\venuspj\authorizationServer\AuthorizationServerApplication.class]
15:39:58.644 [Test worker] INFO org.springframework.boot.test.context.SpringBootTestContextBootstrapper - Found @SpringBootConfiguration org.venuspj.authorizationServer.AuthorizationServerApplication for test class org.venuspj.authorizationServer.AuthorizationServerApplicationTests
15:39:58.769 [Test worker] DEBUG org.springframework.boot.test.context.SpringBootTestContextBootstrapper - Using TestExecutionListeners for test class [AuthorizationServerApplicationTests]: [ServletTestExecutionListener, DirtiesContextBeforeModesTestExecutionListener, ApplicationEventsTestExecutionListener, MockitoTestExecutionListener, DependencyInjectionTestExecutionListener, DirtiesContextTestExecutionListener, TransactionalTestExecutionListener, SqlScriptsTestExecutionListener, WithSecurityContextTestExecutionListener, EventPublishingTestExecutionListener, ReactorContextTestExecutionListener, RestDocsTestExecutionListener, MockRestServiceServerResetTestExecutionListener, MockMvcPrintOnlyOnFailureTestExecutionListener, WebDriverTestExecutionListener, MockWebServiceServerTestExecutionListener, ResetMocksTestExecutionListener]
15:39:58.771 [Test worker] DEBUG org.springframework.test.context.support.AbstractDirtiesContextTestExecutionListener - Before test class: class [AuthorizationServerApplicationTests], class annotated with @DirtiesContext [false] with mode [null]
15:39:58.802 [Test worker] DEBUG org.springframework.test.context.support.DependencyInjectionTestExecutionListener - Performing dependency injection for test class org.venuspj.authorizationServer.AuthorizationServerApplicationTests

  .   ____          _            __ _ _
 /\\ / ___'_ __ _ _(_)_ __  __ _ \ \ \ \
( ( )\___ | '_ | '_| | '_ \/ _` | \ \ \ \
 \\/  ___)| |_)| | | | | || (_| |  ) ) ) )
  '  |____| .__|_| |_|_| |_\__, | / / / /
 =========|_|==============|___/=/_/_/_/
 :: Spring Boot ::                (v3.0.0)

]]></system-out>
  <system-err><![CDATA[]]></system-err>
</testsuite>
