<?xml version="1.0" encoding="UTF-8"?>
<testsuite name="org.venuspj.authorizationServer.AuthorizationServerApplicationTests" tests="4" skipped="0" failures="0" errors="0" timestamp="2022-11-29T00:31:01" hostname="mizogucBookpuro.lan" time="3.023">
  <properties/>
  <testcase name="whenNotLoggedInAndRequestingTokenThenRedirectsToLogin()" classname="org.venuspj.authorizationServer.AuthorizationServerApplicationTests" time="2.356"/>
  <testcase name="whenLoggingInAndRequestingTokenThenRedirectsToClientApplication()" classname="org.venuspj.authorizationServer.AuthorizationServerApplicationTests" time="0.313"/>
  <testcase name="whenLoginSuccessfulThenDisplayNotFoundError()" classname="org.venuspj.authorizationServer.AuthorizationServerApplicationTests" time="0.151"/>
  <testcase name="whenLoginFailsThenDisplayBadCredentials()" classname="org.venuspj.authorizationServer.AuthorizationServerApplicationTests" time="0.199"/>
  <system-out><![CDATA[09:30:53.222 [Test worker] DEBUG org.springframework.boot.test.context.SpringBootTestContextBootstrapper - Neither @ContextConfiguration nor @ContextHierarchy found for test class [AuthorizationServerApplicationTests]: using SpringBootContextLoader
09:30:53.234 [Test worker] DEBUG org.springframework.test.context.support.AbstractContextLoader - Could not detect default resource locations for test class [org.venuspj.authorizationServer.AuthorizationServerApplicationTests]: no resource found for suffixes {-context.xml, Context.groovy}.
09:30:53.237 [Test worker] INFO org.springframework.test.context.support.AnnotationConfigContextLoaderUtils - Could not detect default configuration classes for test class [org.venuspj.authorizationServer.AuthorizationServerApplicationTests]: AuthorizationServerApplicationTests does not declare any static, non-private, non-final, nested classes annotated with @Configuration.
09:30:53.358 [Test worker] DEBUG org.springframework.boot.test.context.SpringBootTestContextBootstrapper - Using ContextCustomizers for test class [AuthorizationServerApplicationTests]: [DisableObservabilityContextCustomizer, PropertyMappingContextCustomizer, Customizer, ImportsContextCustomizer, ExcludeFilterContextCustomizer, DuplicateJsonObjectContextCustomizer, MockitoContextCustomizer, TestRestTemplateContextCustomizer]
09:30:53.470 [Test worker] DEBUG org.springframework.context.annotation.ClassPathScanningCandidateComponentProvider - Identified candidate component class: file [/Users/mizoguchikenichi/IdeaProjects/project-template/authorization-server/build/classes/java/main/org/venuspj/authorizationServer/AuthorizationServerApplication.class]
09:30:53.474 [Test worker] INFO org.springframework.boot.test.context.SpringBootTestContextBootstrapper - Found @SpringBootConfiguration org.venuspj.authorizationServer.AuthorizationServerApplication for test class org.venuspj.authorizationServer.AuthorizationServerApplicationTests
09:30:53.682 [Test worker] DEBUG org.springframework.boot.test.context.SpringBootTestContextBootstrapper - Using TestExecutionListeners for test class [AuthorizationServerApplicationTests]: [ServletTestExecutionListener, DirtiesContextBeforeModesTestExecutionListener, ApplicationEventsTestExecutionListener, MockitoTestExecutionListener, DependencyInjectionTestExecutionListener, DirtiesContextTestExecutionListener, TransactionalTestExecutionListener, SqlScriptsTestExecutionListener, WithSecurityContextTestExecutionListener, EventPublishingTestExecutionListener, ReactorContextTestExecutionListener, RestDocsTestExecutionListener, MockRestServiceServerResetTestExecutionListener, MockMvcPrintOnlyOnFailureTestExecutionListener, WebDriverTestExecutionListener, MockWebServiceServerTestExecutionListener, ResetMocksTestExecutionListener]
09:30:53.685 [Test worker] DEBUG org.springframework.test.context.support.AbstractDirtiesContextTestExecutionListener - Before test class: class [AuthorizationServerApplicationTests], class annotated with @DirtiesContext [false] with mode [null]
09:30:53.728 [Test worker] DEBUG org.springframework.test.context.support.DependencyInjectionTestExecutionListener - Performing dependency injection for test class org.venuspj.authorizationServer.AuthorizationServerApplicationTests

  .   ____          _            __ _ _
 /\\ / ___'_ __ _ _(_)_ __  __ _ \ \ \ \
( ( )\___ | '_ | '_| | '_ \/ _` | \ \ \ \
 \\/  ___)| |_)| | | | | || (_| |  ) ) ) )
  '  |____| .__|_| |_|_| |_\__, | / / / /
 =========|_|==============|___/=/_/_/_/
 :: Spring Boot ::                (v3.0.0)

]]></system-out>
  <system-err><![CDATA[]]></system-err>
</testsuite>
